<?xml version="1.0" encoding="UTF-8"?>
<!-- Generated by org.testng.reporters.JUnitReportReporter -->
<testsuite hostname="APL-JHSJTH4" failures="0" tests="3" name="testing.DataProviderDemo" time="0.024" errors="0" timestamp="2026-06-08T16:51:17 IST" skipped="0">
  <testcase classname="testing.DataProviderDemo" name="f" time="0.022"/>
  <system-out/>
  <testcase classname="testing.DataProviderDemo" name="f" time="0.001"/>
  <system-out/>
  <testcase classname="testing.DataProviderDemo" name="f" time="0.001"/>
  <system-out/>
</testsuite> <!-- testing.DataProviderDemo -->
