<?xml version="1.0" encoding="UTF-8"?>
<!-- Generated by org.testng.reporters.JUnitReportReporter -->
<testsuite hostname="APL-JHSJTH4" failures="0" tests="3" name="testing.OrangeHRMS" time="65.366" errors="0" timestamp="2026-06-08T14:01:02 IST" skipped="0">
  <testcase classname="testing.OrangeHRMS" name="loginTest" time="13.881"/>
  <system-out/>
  <testcase classname="testing.OrangeHRMS" name="loginTest" time="8.920"/>
  <system-out/>
  <testcase classname="testing.OrangeHRMS" name="loginTest" time="42.565"/>
  <system-out/>
</testsuite> <!-- testing.OrangeHRMS -->
