<?xml version="1.0" encoding="UTF-8"?>
<!-- Generated by org.testng.reporters.JUnitReportReporter -->
<testsuite hostname="APL-JHSJTH4" failures="0" tests="2" name="testing.PracticePageDemo" time="10.912" errors="0" timestamp="2026-06-01T11:52:11 IST" skipped="0">
  <testcase classname="testing.PracticePageDemo" name="orangeHRMS" time="5.996"/>
  <system-out/>
  <testcase classname="testing.PracticePageDemo" name="alertDemo" time="4.916"/>
  <system-out/>
</testsuite> <!-- testing.PracticePageDemo -->
